000 (040.000.000) 09/07 13:28:07 Job submitted from host: <159.189.88.22:20245?addrs=159.189.88.22-20245>
...
000 (040.001.000) 09/07 13:28:07 Job submitted from host: <159.189.88.22:20245?addrs=159.189.88.22-20245>
...
000 (040.002.000) 09/07 13:28:07 Job submitted from host: <159.189.88.22:20245?addrs=159.189.88.22-20245>
...
000 (040.003.000) 09/07 13:28:07 Job submitted from host: <159.189.88.22:20245?addrs=159.189.88.22-20245>
...
000 (040.004.000) 09/07 13:28:07 Job submitted from host: <159.189.88.22:20245?addrs=159.189.88.22-20245>
...
000 (040.005.000) 09/07 13:28:07 Job submitted from host: <159.189.88.22:20245?addrs=159.189.88.22-20245>
...
000 (040.006.000) 09/07 13:28:07 Job submitted from host: <159.189.88.22:20245?addrs=159.189.88.22-20245>
...
000 (040.007.000) 09/07 13:28:07 Job submitted from host: <159.189.88.22:20245?addrs=159.189.88.22-20245>
...
000 (040.008.000) 09/07 13:28:07 Job submitted from host: <159.189.88.22:20245?addrs=159.189.88.22-20245>
...
000 (040.009.000) 09/07 13:28:07 Job submitted from host: <159.189.88.22:20245?addrs=159.189.88.22-20245>
...
000 (040.010.000) 09/07 13:28:07 Job submitted from host: <159.189.88.22:20245?addrs=159.189.88.22-20245>
...
000 (040.011.000) 09/07 13:28:07 Job submitted from host: <159.189.88.22:20245?addrs=159.189.88.22-20245>
...
000 (040.012.000) 09/07 13:28:07 Job submitted from host: <159.189.88.22:20245?addrs=159.189.88.22-20245>
...
000 (040.013.000) 09/07 13:28:07 Job submitted from host: <159.189.88.22:20245?addrs=159.189.88.22-20245>
...
000 (040.014.000) 09/07 13:28:07 Job submitted from host: <159.189.88.22:20245?addrs=159.189.88.22-20245>
...
000 (040.015.000) 09/07 13:28:07 Job submitted from host: <159.189.88.22:20245?addrs=159.189.88.22-20245>
...
000 (040.016.000) 09/07 13:28:07 Job submitted from host: <159.189.88.22:20245?addrs=159.189.88.22-20245>
...
000 (040.017.000) 09/07 13:28:07 Job submitted from host: <159.189.88.22:20245?addrs=159.189.88.22-20245>
...
000 (040.018.000) 09/07 13:28:07 Job submitted from host: <159.189.88.22:20245?addrs=159.189.88.22-20245>
...
000 (040.019.000) 09/07 13:28:07 Job submitted from host: <159.189.88.22:20245?addrs=159.189.88.22-20245>
...
001 (040.000.000) 09/07 13:28:22 Job executing on host: <159.189.88.22:59971?addrs=159.189.88.22-59971>
...
001 (040.001.000) 09/07 13:28:22 Job executing on host: <159.189.88.22:59971?addrs=159.189.88.22-59971>
...
001 (040.002.000) 09/07 13:28:22 Job executing on host: <159.189.88.22:59971?addrs=159.189.88.22-59971>
...
001 (040.003.000) 09/07 13:28:22 Job executing on host: <159.189.88.22:59971?addrs=159.189.88.22-59971>
...
001 (040.004.000) 09/07 13:28:22 Job executing on host: <159.189.88.22:59971?addrs=159.189.88.22-59971>
...
001 (040.005.000) 09/07 13:28:22 Job executing on host: <159.189.88.22:59971?addrs=159.189.88.22-59971>
...
001 (040.006.000) 09/07 13:28:22 Job executing on host: <159.189.88.22:59971?addrs=159.189.88.22-59971>
...
001 (040.007.000) 09/07 13:28:22 Job executing on host: <159.189.88.22:59971?addrs=159.189.88.22-59971>
...
006 (040.000.000) 09/07 13:28:28 Image size of job updated: 15948
	0  -  MemoryUsage of job (MB)
	0  -  ResidentSetSize of job (KB)
...
006 (040.001.000) 09/07 13:28:28 Image size of job updated: 15948
	0  -  MemoryUsage of job (MB)
	0  -  ResidentSetSize of job (KB)
...
006 (040.002.000) 09/07 13:28:28 Image size of job updated: 15948
	0  -  MemoryUsage of job (MB)
	0  -  ResidentSetSize of job (KB)
...
006 (040.003.000) 09/07 13:28:28 Image size of job updated: 15948
	0  -  MemoryUsage of job (MB)
	0  -  ResidentSetSize of job (KB)
...
006 (040.004.000) 09/07 13:28:28 Image size of job updated: 15948
	0  -  MemoryUsage of job (MB)
	0  -  ResidentSetSize of job (KB)
...
006 (040.005.000) 09/07 13:28:28 Image size of job updated: 15948
	0  -  MemoryUsage of job (MB)
	0  -  ResidentSetSize of job (KB)
...
006 (040.006.000) 09/07 13:28:28 Image size of job updated: 15948
	0  -  MemoryUsage of job (MB)
	0  -  ResidentSetSize of job (KB)
...
006 (040.007.000) 09/07 13:28:28 Image size of job updated: 15948
	0  -  MemoryUsage of job (MB)
	0  -  ResidentSetSize of job (KB)
...
005 (040.000.000) 09/07 13:28:29 Job terminated.
	(1) Normal termination (return value 0)
		Usr 0 00:00:00, Sys 0 00:00:00  -  Run Remote Usage
		Usr 0 00:00:00, Sys 0 00:00:00  -  Run Local Usage
		Usr 0 00:00:00, Sys 0 00:00:00  -  Total Remote Usage
		Usr 0 00:00:00, Sys 0 00:00:00  -  Total Local Usage
	15  -  Run Bytes Sent By Job
	106  -  Run Bytes Received By Job
	15  -  Total Bytes Sent By Job
	106  -  Total Bytes Received By Job
	Partitionable Resources :    Usage  Request Allocated
	   Cpus                 :                 1         1
	   Disk (KB)            :        9        1   4948087
	   Memory (MB)          :        0        1      4000
...
005 (040.001.000) 09/07 13:28:29 Job terminated.
	(1) Normal termination (return value 0)
		Usr 0 00:00:00, Sys 0 00:00:00  -  Run Remote Usage
		Usr 0 00:00:00, Sys 0 00:00:00  -  Run Local Usage
		Usr 0 00:00:00, Sys 0 00:00:00  -  Total Remote Usage
		Usr 0 00:00:00, Sys 0 00:00:00  -  Total Local Usage
	15  -  Run Bytes Sent By Job
	106  -  Run Bytes Received By Job
	15  -  Total Bytes Sent By Job
	106  -  Total Bytes Received By Job
	Partitionable Resources :    Usage  Request Allocated
	   Cpus                 :                 1         1
	   Disk (KB)            :        9        1   4948087
	   Memory (MB)          :        0        1      4000
...
005 (040.002.000) 09/07 13:28:29 Job terminated.
	(1) Normal termination (return value 0)
		Usr 0 00:00:00, Sys 0 00:00:00  -  Run Remote Usage
		Usr 0 00:00:00, Sys 0 00:00:00  -  Run Local Usage
		Usr 0 00:00:00, Sys 0 00:00:00  -  Total Remote Usage
		Usr 0 00:00:00, Sys 0 00:00:00  -  Total Local Usage
	15  -  Run Bytes Sent By Job
	106  -  Run Bytes Received By Job
	15  -  Total Bytes Sent By Job
	106  -  Total Bytes Received By Job
	Partitionable Resources :    Usage  Request Allocated
	   Cpus                 :                 1         1
	   Disk (KB)            :        9        1   4948087
	   Memory (MB)          :        0        1      4000
...
005 (040.003.000) 09/07 13:28:29 Job terminated.
	(1) Normal termination (return value 0)
		Usr 0 00:00:00, Sys 0 00:00:00  -  Run Remote Usage
		Usr 0 00:00:00, Sys 0 00:00:00  -  Run Local Usage
		Usr 0 00:00:00, Sys 0 00:00:00  -  Total Remote Usage
		Usr 0 00:00:00, Sys 0 00:00:00  -  Total Local Usage
	15  -  Run Bytes Sent By Job
	106  -  Run Bytes Received By Job
	15  -  Total Bytes Sent By Job
	106  -  Total Bytes Received By Job
	Partitionable Resources :    Usage  Request Allocated
	   Cpus                 :                 1         1
	   Disk (KB)            :        9        1   4948087
	   Memory (MB)          :        0        1      4000
...
005 (040.004.000) 09/07 13:28:29 Job terminated.
	(1) Normal termination (return value 0)
		Usr 0 00:00:00, Sys 0 00:00:00  -  Run Remote Usage
		Usr 0 00:00:00, Sys 0 00:00:00  -  Run Local Usage
		Usr 0 00:00:00, Sys 0 00:00:00  -  Total Remote Usage
		Usr 0 00:00:00, Sys 0 00:00:00  -  Total Local Usage
	15  -  Run Bytes Sent By Job
	106  -  Run Bytes Received By Job
	15  -  Total Bytes Sent By Job
	106  -  Total Bytes Received By Job
	Partitionable Resources :    Usage  Request Allocated
	   Cpus                 :                 1         1
	   Disk (KB)            :        9        1   4948087
	   Memory (MB)          :        0        1      4000
...
005 (040.005.000) 09/07 13:28:29 Job terminated.
	(1) Normal termination (return value 0)
		Usr 0 00:00:00, Sys 0 00:00:00  -  Run Remote Usage
		Usr 0 00:00:00, Sys 0 00:00:00  -  Run Local Usage
		Usr 0 00:00:00, Sys 0 00:00:00  -  Total Remote Usage
		Usr 0 00:00:00, Sys 0 00:00:00  -  Total Local Usage
	15  -  Run Bytes Sent By Job
	106  -  Run Bytes Received By Job
	15  -  Total Bytes Sent By Job
	106  -  Total Bytes Received By Job
	Partitionable Resources :    Usage  Request Allocated
	   Cpus                 :                 1         1
	   Disk (KB)            :        9        1   4948087
	   Memory (MB)          :        0        1      4000
...
005 (040.006.000) 09/07 13:28:29 Job terminated.
	(1) Normal termination (return value 0)
		Usr 0 00:00:00, Sys 0 00:00:00  -  Run Remote Usage
		Usr 0 00:00:00, Sys 0 00:00:00  -  Run Local Usage
		Usr 0 00:00:00, Sys 0 00:00:00  -  Total Remote Usage
		Usr 0 00:00:00, Sys 0 00:00:00  -  Total Local Usage
	15  -  Run Bytes Sent By Job
	106  -  Run Bytes Received By Job
	15  -  Total Bytes Sent By Job
	106  -  Total Bytes Received By Job
	Partitionable Resources :    Usage  Request Allocated
	   Cpus                 :                 1         1
	   Disk (KB)            :        9        1   4948087
	   Memory (MB)          :        0        1      4000
...
005 (040.007.000) 09/07 13:28:29 Job terminated.
	(1) Normal termination (return value 0)
		Usr 0 00:00:00, Sys 0 00:00:00  -  Run Remote Usage
		Usr 0 00:00:00, Sys 0 00:00:00  -  Run Local Usage
		Usr 0 00:00:00, Sys 0 00:00:00  -  Total Remote Usage
		Usr 0 00:00:00, Sys 0 00:00:00  -  Total Local Usage
	15  -  Run Bytes Sent By Job
	106  -  Run Bytes Received By Job
	15  -  Total Bytes Sent By Job
	106  -  Total Bytes Received By Job
	Partitionable Resources :    Usage  Request Allocated
	   Cpus                 :                 1         1
	   Disk (KB)            :        9        1   4948087
	   Memory (MB)          :        0        1      4000
...
001 (040.008.000) 09/07 13:28:30 Job executing on host: <159.189.88.22:59971?addrs=159.189.88.22-59971>
...
001 (040.009.000) 09/07 13:28:30 Job executing on host: <159.189.88.22:59971?addrs=159.189.88.22-59971>
...
001 (040.010.000) 09/07 13:28:30 Job executing on host: <159.189.88.22:59971?addrs=159.189.88.22-59971>
...
001 (040.012.000) 09/07 13:28:30 Job executing on host: <159.189.88.22:59971?addrs=159.189.88.22-59971>
...
001 (040.014.000) 09/07 13:28:30 Job executing on host: <159.189.88.22:59971?addrs=159.189.88.22-59971>
...
001 (040.011.000) 09/07 13:28:31 Job executing on host: <159.189.88.22:59971?addrs=159.189.88.22-59971>
...
001 (040.013.000) 09/07 13:28:31 Job executing on host: <159.189.88.22:59971?addrs=159.189.88.22-59971>
...
001 (040.015.000) 09/07 13:28:31 Job executing on host: <159.189.88.22:59971?addrs=159.189.88.22-59971>
...
006 (040.008.000) 09/07 13:28:36 Image size of job updated: 15948
	0  -  MemoryUsage of job (MB)
	0  -  ResidentSetSize of job (KB)
...
006 (040.009.000) 09/07 13:28:36 Image size of job updated: 15948
	0  -  MemoryUsage of job (MB)
	0  -  ResidentSetSize of job (KB)
...
006 (040.010.000) 09/07 13:28:36 Image size of job updated: 15948
	0  -  MemoryUsage of job (MB)
	0  -  ResidentSetSize of job (KB)
...
006 (040.012.000) 09/07 13:28:36 Image size of job updated: 15948
	0  -  MemoryUsage of job (MB)
	0  -  ResidentSetSize of job (KB)
...
006 (040.014.000) 09/07 13:28:36 Image size of job updated: 15948
	0  -  MemoryUsage of job (MB)
	0  -  ResidentSetSize of job (KB)
...
005 (040.008.000) 09/07 13:28:37 Job terminated.
	(1) Normal termination (return value 0)
		Usr 0 00:00:00, Sys 0 00:00:00  -  Run Remote Usage
		Usr 0 00:00:00, Sys 0 00:00:00  -  Run Local Usage
		Usr 0 00:00:00, Sys 0 00:00:00  -  Total Remote Usage
		Usr 0 00:00:00, Sys 0 00:00:00  -  Total Local Usage
	15  -  Run Bytes Sent By Job
	106  -  Run Bytes Received By Job
	15  -  Total Bytes Sent By Job
	106  -  Total Bytes Received By Job
	Partitionable Resources :    Usage  Request Allocated
	   Cpus                 :                 1         1
	   Disk (KB)            :        9        1   4948087
	   Memory (MB)          :        0        1      4000
...
005 (040.009.000) 09/07 13:28:37 Job terminated.
	(1) Normal termination (return value 0)
		Usr 0 00:00:00, Sys 0 00:00:00  -  Run Remote Usage
		Usr 0 00:00:00, Sys 0 00:00:00  -  Run Local Usage
		Usr 0 00:00:00, Sys 0 00:00:00  -  Total Remote Usage
		Usr 0 00:00:00, Sys 0 00:00:00  -  Total Local Usage
	15  -  Run Bytes Sent By Job
	106  -  Run Bytes Received By Job
	15  -  Total Bytes Sent By Job
	106  -  Total Bytes Received By Job
	Partitionable Resources :    Usage  Request Allocated
	   Cpus                 :                 1         1
	   Disk (KB)            :        9        1   4948087
	   Memory (MB)          :        0        1      4000
...
005 (040.010.000) 09/07 13:28:37 Job terminated.
	(1) Normal termination (return value 0)
		Usr 0 00:00:00, Sys 0 00:00:00  -  Run Remote Usage
		Usr 0 00:00:00, Sys 0 00:00:00  -  Run Local Usage
		Usr 0 00:00:00, Sys 0 00:00:00  -  Total Remote Usage
		Usr 0 00:00:00, Sys 0 00:00:00  -  Total Local Usage
	15  -  Run Bytes Sent By Job
	106  -  Run Bytes Received By Job
	15  -  Total Bytes Sent By Job
	106  -  Total Bytes Received By Job
	Partitionable Resources :    Usage  Request Allocated
	   Cpus                 :                 1         1
	   Disk (KB)            :        9        1   4948087
	   Memory (MB)          :        0        1      4000
...
006 (040.011.000) 09/07 13:28:37 Image size of job updated: 43924
	0  -  MemoryUsage of job (MB)
	0  -  ResidentSetSize of job (KB)
...
006 (040.013.000) 09/07 13:28:37 Image size of job updated: 15948
	0  -  MemoryUsage of job (MB)
	0  -  ResidentSetSize of job (KB)
...
005 (040.012.000) 09/07 13:28:37 Job terminated.
	(1) Normal termination (return value 0)
		Usr 0 00:00:00, Sys 0 00:00:00  -  Run Remote Usage
		Usr 0 00:00:00, Sys 0 00:00:00  -  Run Local Usage
		Usr 0 00:00:00, Sys 0 00:00:00  -  Total Remote Usage
		Usr 0 00:00:00, Sys 0 00:00:00  -  Total Local Usage
	15  -  Run Bytes Sent By Job
	106  -  Run Bytes Received By Job
	15  -  Total Bytes Sent By Job
	106  -  Total Bytes Received By Job
	Partitionable Resources :    Usage  Request Allocated
	   Cpus                 :                 1         1
	   Disk (KB)            :        9        1   4948087
	   Memory (MB)          :        0        1      4000
...
005 (040.014.000) 09/07 13:28:37 Job terminated.
	(1) Normal termination (return value 0)
		Usr 0 00:00:00, Sys 0 00:00:00  -  Run Remote Usage
		Usr 0 00:00:00, Sys 0 00:00:00  -  Run Local Usage
		Usr 0 00:00:00, Sys 0 00:00:00  -  Total Remote Usage
		Usr 0 00:00:00, Sys 0 00:00:00  -  Total Local Usage
	15  -  Run Bytes Sent By Job
	106  -  Run Bytes Received By Job
	15  -  Total Bytes Sent By Job
	106  -  Total Bytes Received By Job
	Partitionable Resources :    Usage  Request Allocated
	   Cpus                 :                 1         1
	   Disk (KB)            :        9        1   4948087
	   Memory (MB)          :        0        1      4000
...
006 (040.015.000) 09/07 13:28:37 Image size of job updated: 15948
	0  -  MemoryUsage of job (MB)
	0  -  ResidentSetSize of job (KB)
...
001 (040.016.000) 09/07 13:28:38 Job executing on host: <159.189.88.22:59971?addrs=159.189.88.22-59971>
...
005 (040.011.000) 09/07 13:28:38 Job terminated.
	(1) Normal termination (return value 0)
		Usr 0 00:00:00, Sys 0 00:00:00  -  Run Remote Usage
		Usr 0 00:00:00, Sys 0 00:00:00  -  Run Local Usage
		Usr 0 00:00:00, Sys 0 00:00:00  -  Total Remote Usage
		Usr 0 00:00:00, Sys 0 00:00:00  -  Total Local Usage
	15  -  Run Bytes Sent By Job
	106  -  Run Bytes Received By Job
	15  -  Total Bytes Sent By Job
	106  -  Total Bytes Received By Job
	Partitionable Resources :    Usage  Request Allocated
	   Cpus                 :                 1         1
	   Disk (KB)            :        9        1   4948087
	   Memory (MB)          :        0        1      4000
...
001 (040.017.000) 09/07 13:28:38 Job executing on host: <159.189.88.22:59971?addrs=159.189.88.22-59971>
...
005 (040.013.000) 09/07 13:28:38 Job terminated.
	(1) Normal termination (return value 0)
		Usr 0 00:00:00, Sys 0 00:00:00  -  Run Remote Usage
		Usr 0 00:00:00, Sys 0 00:00:00  -  Run Local Usage
		Usr 0 00:00:00, Sys 0 00:00:00  -  Total Remote Usage
		Usr 0 00:00:00, Sys 0 00:00:00  -  Total Local Usage
	15  -  Run Bytes Sent By Job
	106  -  Run Bytes Received By Job
	15  -  Total Bytes Sent By Job
	106  -  Total Bytes Received By Job
	Partitionable Resources :    Usage  Request Allocated
	   Cpus                 :                 1         1
	   Disk (KB)            :        9        1   4948087
	   Memory (MB)          :        0        1      4000
...
001 (040.018.000) 09/07 13:28:38 Job executing on host: <159.189.88.22:59971?addrs=159.189.88.22-59971>
...
005 (040.015.000) 09/07 13:28:38 Job terminated.
	(1) Normal termination (return value 0)
		Usr 0 00:00:00, Sys 0 00:00:00  -  Run Remote Usage
		Usr 0 00:00:00, Sys 0 00:00:00  -  Run Local Usage
		Usr 0 00:00:00, Sys 0 00:00:00  -  Total Remote Usage
		Usr 0 00:00:00, Sys 0 00:00:00  -  Total Local Usage
	15  -  Run Bytes Sent By Job
	106  -  Run Bytes Received By Job
	15  -  Total Bytes Sent By Job
	106  -  Total Bytes Received By Job
	Partitionable Resources :    Usage  Request Allocated
	   Cpus                 :                 1         1
	   Disk (KB)            :        9        1   4948087
	   Memory (MB)          :        0        1      4000
...
001 (040.019.000) 09/07 13:28:38 Job executing on host: <159.189.88.22:59971?addrs=159.189.88.22-59971>
...
006 (040.016.000) 09/07 13:28:44 Image size of job updated: 15948
	0  -  MemoryUsage of job (MB)
	0  -  ResidentSetSize of job (KB)
...
006 (040.017.000) 09/07 13:28:44 Image size of job updated: 15948
	0  -  MemoryUsage of job (MB)
	0  -  ResidentSetSize of job (KB)
...
006 (040.018.000) 09/07 13:28:44 Image size of job updated: 15948
	0  -  MemoryUsage of job (MB)
	0  -  ResidentSetSize of job (KB)
...
006 (040.019.000) 09/07 13:28:44 Image size of job updated: 15948
	0  -  MemoryUsage of job (MB)
	0  -  ResidentSetSize of job (KB)
...
005 (040.016.000) 09/07 13:28:45 Job terminated.
	(1) Normal termination (return value 0)
		Usr 0 00:00:00, Sys 0 00:00:00  -  Run Remote Usage
		Usr 0 00:00:00, Sys 0 00:00:00  -  Run Local Usage
		Usr 0 00:00:00, Sys 0 00:00:00  -  Total Remote Usage
		Usr 0 00:00:00, Sys 0 00:00:00  -  Total Local Usage
	15  -  Run Bytes Sent By Job
	106  -  Run Bytes Received By Job
	15  -  Total Bytes Sent By Job
	106  -  Total Bytes Received By Job
	Partitionable Resources :    Usage  Request Allocated
	   Cpus                 :                 1         1
	   Disk (KB)            :        9        1   4948087
	   Memory (MB)          :        0        1      4000
...
005 (040.017.000) 09/07 13:28:45 Job terminated.
	(1) Normal termination (return value 0)
		Usr 0 00:00:00, Sys 0 00:00:00  -  Run Remote Usage
		Usr 0 00:00:00, Sys 0 00:00:00  -  Run Local Usage
		Usr 0 00:00:00, Sys 0 00:00:00  -  Total Remote Usage
		Usr 0 00:00:00, Sys 0 00:00:00  -  Total Local Usage
	15  -  Run Bytes Sent By Job
	106  -  Run Bytes Received By Job
	15  -  Total Bytes Sent By Job
	106  -  Total Bytes Received By Job
	Partitionable Resources :    Usage  Request Allocated
	   Cpus                 :                 1         1
	   Disk (KB)            :        9        1   4948087
	   Memory (MB)          :        0        1      4000
...
005 (040.018.000) 09/07 13:28:45 Job terminated.
	(1) Normal termination (return value 0)
		Usr 0 00:00:00, Sys 0 00:00:00  -  Run Remote Usage
		Usr 0 00:00:00, Sys 0 00:00:00  -  Run Local Usage
		Usr 0 00:00:00, Sys 0 00:00:00  -  Total Remote Usage
		Usr 0 00:00:00, Sys 0 00:00:00  -  Total Local Usage
	15  -  Run Bytes Sent By Job
	106  -  Run Bytes Received By Job
	15  -  Total Bytes Sent By Job
	106  -  Total Bytes Received By Job
	Partitionable Resources :    Usage  Request Allocated
	   Cpus                 :                 1         1
	   Disk (KB)            :        9        1   4948087
	   Memory (MB)          :        0        1      4000
...
005 (040.019.000) 09/07 13:28:45 Job terminated.
	(1) Normal termination (return value 0)
		Usr 0 00:00:00, Sys 0 00:00:00  -  Run Remote Usage
		Usr 0 00:00:00, Sys 0 00:00:00  -  Run Local Usage
		Usr 0 00:00:00, Sys 0 00:00:00  -  Total Remote Usage
		Usr 0 00:00:00, Sys 0 00:00:00  -  Total Local Usage
	15  -  Run Bytes Sent By Job
	106  -  Run Bytes Received By Job
	15  -  Total Bytes Sent By Job
	106  -  Total Bytes Received By Job
	Partitionable Resources :    Usage  Request Allocated
	   Cpus                 :                 1         1
	   Disk (KB)            :        9        1   4948087
	   Memory (MB)          :        0        1      4000
...
000 (043.000.000) 09/08 08:55:50 Job submitted from host: <159.189.88.22:20245?addrs=159.189.88.22-20245>
...
000 (043.001.000) 09/08 08:55:50 Job submitted from host: <159.189.88.22:20245?addrs=159.189.88.22-20245>
...
000 (043.002.000) 09/08 08:55:50 Job submitted from host: <159.189.88.22:20245?addrs=159.189.88.22-20245>
...
000 (043.003.000) 09/08 08:55:50 Job submitted from host: <159.189.88.22:20245?addrs=159.189.88.22-20245>
...
000 (043.004.000) 09/08 08:55:50 Job submitted from host: <159.189.88.22:20245?addrs=159.189.88.22-20245>
...
000 (043.005.000) 09/08 08:55:50 Job submitted from host: <159.189.88.22:20245?addrs=159.189.88.22-20245>
...
000 (043.006.000) 09/08 08:55:50 Job submitted from host: <159.189.88.22:20245?addrs=159.189.88.22-20245>
...
000 (043.007.000) 09/08 08:55:50 Job submitted from host: <159.189.88.22:20245?addrs=159.189.88.22-20245>
...
000 (043.008.000) 09/08 08:55:50 Job submitted from host: <159.189.88.22:20245?addrs=159.189.88.22-20245>
...
000 (043.009.000) 09/08 08:55:50 Job submitted from host: <159.189.88.22:20245?addrs=159.189.88.22-20245>
...
000 (043.010.000) 09/08 08:55:50 Job submitted from host: <159.189.88.22:20245?addrs=159.189.88.22-20245>
...
000 (043.011.000) 09/08 08:55:50 Job submitted from host: <159.189.88.22:20245?addrs=159.189.88.22-20245>
...
000 (043.012.000) 09/08 08:55:50 Job submitted from host: <159.189.88.22:20245?addrs=159.189.88.22-20245>
...
000 (043.013.000) 09/08 08:55:50 Job submitted from host: <159.189.88.22:20245?addrs=159.189.88.22-20245>
...
000 (043.014.000) 09/08 08:55:50 Job submitted from host: <159.189.88.22:20245?addrs=159.189.88.22-20245>
...
000 (043.015.000) 09/08 08:55:50 Job submitted from host: <159.189.88.22:20245?addrs=159.189.88.22-20245>
...
000 (043.016.000) 09/08 08:55:50 Job submitted from host: <159.189.88.22:20245?addrs=159.189.88.22-20245>
...
000 (043.017.000) 09/08 08:55:50 Job submitted from host: <159.189.88.22:20245?addrs=159.189.88.22-20245>
...
000 (043.018.000) 09/08 08:55:50 Job submitted from host: <159.189.88.22:20245?addrs=159.189.88.22-20245>
...
000 (043.019.000) 09/08 08:55:50 Job submitted from host: <159.189.88.22:20245?addrs=159.189.88.22-20245>
...
001 (043.000.000) 09/08 08:55:55 Job executing on host: <159.189.88.22:59971?addrs=159.189.88.22-59971>
...
001 (043.001.000) 09/08 08:55:55 Job executing on host: <159.189.88.22:59971?addrs=159.189.88.22-59971>
...
001 (043.002.000) 09/08 08:55:55 Job executing on host: <159.189.88.22:59971?addrs=159.189.88.22-59971>
...
001 (043.003.000) 09/08 08:55:55 Job executing on host: <159.189.88.22:59971?addrs=159.189.88.22-59971>
...
001 (043.004.000) 09/08 08:55:55 Job executing on host: <159.189.88.22:59971?addrs=159.189.88.22-59971>
...
001 (043.005.000) 09/08 08:55:55 Job executing on host: <159.189.88.22:59971?addrs=159.189.88.22-59971>
...
001 (043.006.000) 09/08 08:55:55 Job executing on host: <159.189.88.22:59971?addrs=159.189.88.22-59971>
...
001 (043.007.000) 09/08 08:55:55 Job executing on host: <159.189.88.22:59971?addrs=159.189.88.22-59971>
...
006 (043.000.000) 09/08 08:56:01 Image size of job updated: 15948
	0  -  MemoryUsage of job (MB)
	0  -  ResidentSetSize of job (KB)
...
006 (043.001.000) 09/08 08:56:01 Image size of job updated: 15948
	0  -  MemoryUsage of job (MB)
	0  -  ResidentSetSize of job (KB)
...
006 (043.002.000) 09/08 08:56:01 Image size of job updated: 15948
	0  -  MemoryUsage of job (MB)
	0  -  ResidentSetSize of job (KB)
...
006 (043.003.000) 09/08 08:56:01 Image size of job updated: 15948
	0  -  MemoryUsage of job (MB)
	0  -  ResidentSetSize of job (KB)
...
006 (043.004.000) 09/08 08:56:01 Image size of job updated: 15948
	0  -  MemoryUsage of job (MB)
	0  -  ResidentSetSize of job (KB)
...
006 (043.005.000) 09/08 08:56:01 Image size of job updated: 15948
	0  -  MemoryUsage of job (MB)
	0  -  ResidentSetSize of job (KB)
...
006 (043.006.000) 09/08 08:56:01 Image size of job updated: 15948
	0  -  MemoryUsage of job (MB)
	0  -  ResidentSetSize of job (KB)
...
006 (043.007.000) 09/08 08:56:01 Image size of job updated: 15948
	0  -  MemoryUsage of job (MB)
	0  -  ResidentSetSize of job (KB)
...
005 (043.000.000) 09/08 08:56:02 Job terminated.
	(1) Normal termination (return value 0)
		Usr 0 00:00:00, Sys 0 00:00:00  -  Run Remote Usage
		Usr 0 00:00:00, Sys 0 00:00:00  -  Run Local Usage
		Usr 0 00:00:00, Sys 0 00:00:00  -  Total Remote Usage
		Usr 0 00:00:00, Sys 0 00:00:00  -  Total Local Usage
	15  -  Run Bytes Sent By Job
	106  -  Run Bytes Received By Job
	15  -  Total Bytes Sent By Job
	106  -  Total Bytes Received By Job
	Partitionable Resources :    Usage  Request Allocated
	   Cpus                 :                 1         1
	   Disk (KB)            :        9        1   4947042
	   Memory (MB)          :        0        1      4000
...
005 (043.001.000) 09/08 08:56:02 Job terminated.
	(1) Normal termination (return value 0)
		Usr 0 00:00:00, Sys 0 00:00:00  -  Run Remote Usage
		Usr 0 00:00:00, Sys 0 00:00:00  -  Run Local Usage
		Usr 0 00:00:00, Sys 0 00:00:00  -  Total Remote Usage
		Usr 0 00:00:00, Sys 0 00:00:00  -  Total Local Usage
	15  -  Run Bytes Sent By Job
	106  -  Run Bytes Received By Job
	15  -  Total Bytes Sent By Job
	106  -  Total Bytes Received By Job
	Partitionable Resources :    Usage  Request Allocated
	   Cpus                 :                 1         1
	   Disk (KB)            :        9        1   4947042
	   Memory (MB)          :        0        1      4000
...
005 (043.002.000) 09/08 08:56:02 Job terminated.
	(1) Normal termination (return value 0)
		Usr 0 00:00:00, Sys 0 00:00:00  -  Run Remote Usage
		Usr 0 00:00:00, Sys 0 00:00:00  -  Run Local Usage
		Usr 0 00:00:00, Sys 0 00:00:00  -  Total Remote Usage
		Usr 0 00:00:00, Sys 0 00:00:00  -  Total Local Usage
	15  -  Run Bytes Sent By Job
	106  -  Run Bytes Received By Job
	15  -  Total Bytes Sent By Job
	106  -  Total Bytes Received By Job
	Partitionable Resources :    Usage  Request Allocated
	   Cpus                 :                 1         1
	   Disk (KB)            :        9        1   4947042
	   Memory (MB)          :        0        1      4000
...
005 (043.003.000) 09/08 08:56:02 Job terminated.
	(1) Normal termination (return value 0)
		Usr 0 00:00:00, Sys 0 00:00:00  -  Run Remote Usage
		Usr 0 00:00:00, Sys 0 00:00:00  -  Run Local Usage
		Usr 0 00:00:00, Sys 0 00:00:00  -  Total Remote Usage
		Usr 0 00:00:00, Sys 0 00:00:00  -  Total Local Usage
	15  -  Run Bytes Sent By Job
	106  -  Run Bytes Received By Job
	15  -  Total Bytes Sent By Job
	106  -  Total Bytes Received By Job
	Partitionable Resources :    Usage  Request Allocated
	   Cpus                 :                 1         1
	   Disk (KB)            :        9        1   4947042
	   Memory (MB)          :        0        1      4000
...
005 (043.004.000) 09/08 08:56:02 Job terminated.
	(1) Normal termination (return value 0)
		Usr 0 00:00:00, Sys 0 00:00:00  -  Run Remote Usage
		Usr 0 00:00:00, Sys 0 00:00:00  -  Run Local Usage
		Usr 0 00:00:00, Sys 0 00:00:00  -  Total Remote Usage
		Usr 0 00:00:00, Sys 0 00:00:00  -  Total Local Usage
	15  -  Run Bytes Sent By Job
	106  -  Run Bytes Received By Job
	15  -  Total Bytes Sent By Job
	106  -  Total Bytes Received By Job
	Partitionable Resources :    Usage  Request Allocated
	   Cpus                 :                 1         1
	   Disk (KB)            :        9        1   4947042
	   Memory (MB)          :        0        1      4000
...
005 (043.005.000) 09/08 08:56:02 Job terminated.
	(1) Normal termination (return value 0)
		Usr 0 00:00:00, Sys 0 00:00:00  -  Run Remote Usage
		Usr 0 00:00:00, Sys 0 00:00:00  -  Run Local Usage
		Usr 0 00:00:00, Sys 0 00:00:00  -  Total Remote Usage
		Usr 0 00:00:00, Sys 0 00:00:00  -  Total Local Usage
	15  -  Run Bytes Sent By Job
	106  -  Run Bytes Received By Job
	15  -  Total Bytes Sent By Job
	106  -  Total Bytes Received By Job
	Partitionable Resources :    Usage  Request Allocated
	   Cpus                 :                 1         1
	   Disk (KB)            :        9        1   4947042
	   Memory (MB)          :        0        1      4000
...
005 (043.006.000) 09/08 08:56:02 Job terminated.
	(1) Normal termination (return value 0)
		Usr 0 00:00:00, Sys 0 00:00:00  -  Run Remote Usage
		Usr 0 00:00:00, Sys 0 00:00:00  -  Run Local Usage
		Usr 0 00:00:00, Sys 0 00:00:00  -  Total Remote Usage
		Usr 0 00:00:00, Sys 0 00:00:00  -  Total Local Usage
	15  -  Run Bytes Sent By Job
	106  -  Run Bytes Received By Job
	15  -  Total Bytes Sent By Job
	106  -  Total Bytes Received By Job
	Partitionable Resources :    Usage  Request Allocated
	   Cpus                 :                 1         1
	   Disk (KB)            :        9        1   4947042
	   Memory (MB)          :        0        1      4000
...
005 (043.007.000) 09/08 08:56:02 Job terminated.
	(1) Normal termination (return value 0)
		Usr 0 00:00:00, Sys 0 00:00:00  -  Run Remote Usage
		Usr 0 00:00:00, Sys 0 00:00:00  -  Run Local Usage
		Usr 0 00:00:00, Sys 0 00:00:00  -  Total Remote Usage
		Usr 0 00:00:00, Sys 0 00:00:00  -  Total Local Usage
	15  -  Run Bytes Sent By Job
	106  -  Run Bytes Received By Job
	15  -  Total Bytes Sent By Job
	106  -  Total Bytes Received By Job
	Partitionable Resources :    Usage  Request Allocated
	   Cpus                 :                 1         1
	   Disk (KB)            :        9        1   4947042
	   Memory (MB)          :        0        1      4000
...
001 (043.008.000) 09/08 08:56:03 Job executing on host: <159.189.88.22:59971?addrs=159.189.88.22-59971>
...
001 (043.009.000) 09/08 08:56:03 Job executing on host: <159.189.88.22:59971?addrs=159.189.88.22-59971>
...
001 (043.010.000) 09/08 08:56:03 Job executing on host: <159.189.88.22:59971?addrs=159.189.88.22-59971>
...
001 (043.012.000) 09/08 08:56:03 Job executing on host: <159.189.88.22:59971?addrs=159.189.88.22-59971>
...
001 (043.014.000) 09/08 08:56:03 Job executing on host: <159.189.88.22:59971?addrs=159.189.88.22-59971>
...
001 (043.011.000) 09/08 08:56:04 Job executing on host: <159.189.88.22:59971?addrs=159.189.88.22-59971>
...
001 (043.013.000) 09/08 08:56:04 Job executing on host: <159.189.88.22:59971?addrs=159.189.88.22-59971>
...
001 (043.015.000) 09/08 08:56:04 Job executing on host: <159.189.88.22:59971?addrs=159.189.88.22-59971>
...
006 (043.008.000) 09/08 08:56:09 Image size of job updated: 15948
	0  -  MemoryUsage of job (MB)
	0  -  ResidentSetSize of job (KB)
...
006 (043.009.000) 09/08 08:56:09 Image size of job updated: 15948
	0  -  MemoryUsage of job (MB)
	0  -  ResidentSetSize of job (KB)
...
006 (043.010.000) 09/08 08:56:09 Image size of job updated: 15948
	0  -  MemoryUsage of job (MB)
	0  -  ResidentSetSize of job (KB)
...
006 (043.012.000) 09/08 08:56:09 Image size of job updated: 15948
	0  -  MemoryUsage of job (MB)
	0  -  ResidentSetSize of job (KB)
...
006 (043.014.000) 09/08 08:56:09 Image size of job updated: 15948
	0  -  MemoryUsage of job (MB)
	0  -  ResidentSetSize of job (KB)
...
005 (043.008.000) 09/08 08:56:10 Job terminated.
	(1) Normal termination (return value 0)
		Usr 0 00:00:00, Sys 0 00:00:00  -  Run Remote Usage
		Usr 0 00:00:00, Sys 0 00:00:00  -  Run Local Usage
		Usr 0 00:00:00, Sys 0 00:00:00  -  Total Remote Usage
		Usr 0 00:00:00, Sys 0 00:00:00  -  Total Local Usage
	15  -  Run Bytes Sent By Job
	106  -  Run Bytes Received By Job
	15  -  Total Bytes Sent By Job
	106  -  Total Bytes Received By Job
	Partitionable Resources :    Usage  Request Allocated
	   Cpus                 :                 1         1
	   Disk (KB)            :        9        1   4947042
	   Memory (MB)          :        0        1      4000
...
005 (043.009.000) 09/08 08:56:10 Job terminated.
	(1) Normal termination (return value 0)
		Usr 0 00:00:00, Sys 0 00:00:00  -  Run Remote Usage
		Usr 0 00:00:00, Sys 0 00:00:00  -  Run Local Usage
		Usr 0 00:00:00, Sys 0 00:00:00  -  Total Remote Usage
		Usr 0 00:00:00, Sys 0 00:00:00  -  Total Local Usage
	15  -  Run Bytes Sent By Job
	106  -  Run Bytes Received By Job
	15  -  Total Bytes Sent By Job
	106  -  Total Bytes Received By Job
	Partitionable Resources :    Usage  Request Allocated
	   Cpus                 :                 1         1
	   Disk (KB)            :        9        1   4947042
	   Memory (MB)          :        0        1      4000
...
005 (043.010.000) 09/08 08:56:10 Job terminated.
	(1) Normal termination (return value 0)
		Usr 0 00:00:00, Sys 0 00:00:00  -  Run Remote Usage
		Usr 0 00:00:00, Sys 0 00:00:00  -  Run Local Usage
		Usr 0 00:00:00, Sys 0 00:00:00  -  Total Remote Usage
		Usr 0 00:00:00, Sys 0 00:00:00  -  Total Local Usage
	15  -  Run Bytes Sent By Job
	106  -  Run Bytes Received By Job
	15  -  Total Bytes Sent By Job
	106  -  Total Bytes Received By Job
	Partitionable Resources :    Usage  Request Allocated
	   Cpus                 :                 1         1
	   Disk (KB)            :        9        1   4947042
	   Memory (MB)          :        0        1      4000
...
006 (043.011.000) 09/08 08:56:10 Image size of job updated: 15948
	0  -  MemoryUsage of job (MB)
	0  -  ResidentSetSize of job (KB)
...
006 (043.013.000) 09/08 08:56:10 Image size of job updated: 15948
	0  -  MemoryUsage of job (MB)
	0  -  ResidentSetSize of job (KB)
...
005 (043.012.000) 09/08 08:56:10 Job terminated.
	(1) Normal termination (return value 0)
		Usr 0 00:00:00, Sys 0 00:00:00  -  Run Remote Usage
		Usr 0 00:00:00, Sys 0 00:00:00  -  Run Local Usage
		Usr 0 00:00:00, Sys 0 00:00:00  -  Total Remote Usage
		Usr 0 00:00:00, Sys 0 00:00:00  -  Total Local Usage
	15  -  Run Bytes Sent By Job
	106  -  Run Bytes Received By Job
	15  -  Total Bytes Sent By Job
	106  -  Total Bytes Received By Job
	Partitionable Resources :    Usage  Request Allocated
	   Cpus                 :                 1         1
	   Disk (KB)            :        9        1   4947042
	   Memory (MB)          :        0        1      4000
...
005 (043.014.000) 09/08 08:56:10 Job terminated.
	(1) Normal termination (return value 0)
		Usr 0 00:00:00, Sys 0 00:00:00  -  Run Remote Usage
		Usr 0 00:00:00, Sys 0 00:00:00  -  Run Local Usage
		Usr 0 00:00:00, Sys 0 00:00:00  -  Total Remote Usage
		Usr 0 00:00:00, Sys 0 00:00:00  -  Total Local Usage
	15  -  Run Bytes Sent By Job
	106  -  Run Bytes Received By Job
	15  -  Total Bytes Sent By Job
	106  -  Total Bytes Received By Job
	Partitionable Resources :    Usage  Request Allocated
	   Cpus                 :                 1         1
	   Disk (KB)            :        9        1   4947042
	   Memory (MB)          :        0        1      4000
...
006 (043.015.000) 09/08 08:56:10 Image size of job updated: 15948
	0  -  MemoryUsage of job (MB)
	0  -  ResidentSetSize of job (KB)
...
001 (043.016.000) 09/08 08:56:11 Job executing on host: <159.189.88.22:59971?addrs=159.189.88.22-59971>
...
005 (043.011.000) 09/08 08:56:11 Job terminated.
	(1) Normal termination (return value 0)
		Usr 0 00:00:00, Sys 0 00:00:00  -  Run Remote Usage
		Usr 0 00:00:00, Sys 0 00:00:00  -  Run Local Usage
		Usr 0 00:00:00, Sys 0 00:00:00  -  Total Remote Usage
		Usr 0 00:00:00, Sys 0 00:00:00  -  Total Local Usage
	15  -  Run Bytes Sent By Job
	106  -  Run Bytes Received By Job
	15  -  Total Bytes Sent By Job
	106  -  Total Bytes Received By Job
	Partitionable Resources :    Usage  Request Allocated
	   Cpus                 :                 1         1
	   Disk (KB)            :        9        1   4947042
	   Memory (MB)          :        0        1      4000
...
001 (043.017.000) 09/08 08:56:11 Job executing on host: <159.189.88.22:59971?addrs=159.189.88.22-59971>
...
005 (043.013.000) 09/08 08:56:11 Job terminated.
	(1) Normal termination (return value 0)
		Usr 0 00:00:00, Sys 0 00:00:00  -  Run Remote Usage
		Usr 0 00:00:00, Sys 0 00:00:00  -  Run Local Usage
		Usr 0 00:00:00, Sys 0 00:00:00  -  Total Remote Usage
		Usr 0 00:00:00, Sys 0 00:00:00  -  Total Local Usage
	15  -  Run Bytes Sent By Job
	106  -  Run Bytes Received By Job
	15  -  Total Bytes Sent By Job
	106  -  Total Bytes Received By Job
	Partitionable Resources :    Usage  Request Allocated
	   Cpus                 :                 1         1
	   Disk (KB)            :        9        1   4947042
	   Memory (MB)          :        0        1      4000
...
001 (043.018.000) 09/08 08:56:11 Job executing on host: <159.189.88.22:59971?addrs=159.189.88.22-59971>
...
005 (043.015.000) 09/08 08:56:11 Job terminated.
	(1) Normal termination (return value 0)
		Usr 0 00:00:00, Sys 0 00:00:00  -  Run Remote Usage
		Usr 0 00:00:00, Sys 0 00:00:00  -  Run Local Usage
		Usr 0 00:00:00, Sys 0 00:00:00  -  Total Remote Usage
		Usr 0 00:00:00, Sys 0 00:00:00  -  Total Local Usage
	15  -  Run Bytes Sent By Job
	106  -  Run Bytes Received By Job
	15  -  Total Bytes Sent By Job
	106  -  Total Bytes Received By Job
	Partitionable Resources :    Usage  Request Allocated
	   Cpus                 :                 1         1
	   Disk (KB)            :        9        1   4947042
	   Memory (MB)          :        0        1      4000
...
001 (043.019.000) 09/08 08:56:11 Job executing on host: <159.189.88.22:59971?addrs=159.189.88.22-59971>
...
006 (043.016.000) 09/08 08:56:17 Image size of job updated: 15948
	0  -  MemoryUsage of job (MB)
	0  -  ResidentSetSize of job (KB)
...
006 (043.017.000) 09/08 08:56:17 Image size of job updated: 15948
	0  -  MemoryUsage of job (MB)
	0  -  ResidentSetSize of job (KB)
...
006 (043.018.000) 09/08 08:56:17 Image size of job updated: 15948
	0  -  MemoryUsage of job (MB)
	0  -  ResidentSetSize of job (KB)
...
006 (043.019.000) 09/08 08:56:17 Image size of job updated: 15948
	0  -  MemoryUsage of job (MB)
	0  -  ResidentSetSize of job (KB)
...
005 (043.016.000) 09/08 08:56:18 Job terminated.
	(1) Normal termination (return value 0)
		Usr 0 00:00:00, Sys 0 00:00:00  -  Run Remote Usage
		Usr 0 00:00:00, Sys 0 00:00:00  -  Run Local Usage
		Usr 0 00:00:00, Sys 0 00:00:00  -  Total Remote Usage
		Usr 0 00:00:00, Sys 0 00:00:00  -  Total Local Usage
	15  -  Run Bytes Sent By Job
	106  -  Run Bytes Received By Job
	15  -  Total Bytes Sent By Job
	106  -  Total Bytes Received By Job
	Partitionable Resources :    Usage  Request Allocated
	   Cpus                 :                 1         1
	   Disk (KB)            :        9        1   4947042
	   Memory (MB)          :        0        1      4000
...
005 (043.017.000) 09/08 08:56:18 Job terminated.
	(1) Normal termination (return value 0)
		Usr 0 00:00:00, Sys 0 00:00:00  -  Run Remote Usage
		Usr 0 00:00:00, Sys 0 00:00:00  -  Run Local Usage
		Usr 0 00:00:00, Sys 0 00:00:00  -  Total Remote Usage
		Usr 0 00:00:00, Sys 0 00:00:00  -  Total Local Usage
	15  -  Run Bytes Sent By Job
	106  -  Run Bytes Received By Job
	15  -  Total Bytes Sent By Job
	106  -  Total Bytes Received By Job
	Partitionable Resources :    Usage  Request Allocated
	   Cpus                 :                 1         1
	   Disk (KB)            :        9        1   4947042
	   Memory (MB)          :        0        1      4000
...
005 (043.018.000) 09/08 08:56:18 Job terminated.
	(1) Normal termination (return value 0)
		Usr 0 00:00:00, Sys 0 00:00:00  -  Run Remote Usage
		Usr 0 00:00:00, Sys 0 00:00:00  -  Run Local Usage
		Usr 0 00:00:00, Sys 0 00:00:00  -  Total Remote Usage
		Usr 0 00:00:00, Sys 0 00:00:00  -  Total Local Usage
	15  -  Run Bytes Sent By Job
	106  -  Run Bytes Received By Job
	15  -  Total Bytes Sent By Job
	106  -  Total Bytes Received By Job
	Partitionable Resources :    Usage  Request Allocated
	   Cpus                 :                 1         1
	   Disk (KB)            :        9        1   4947042
	   Memory (MB)          :        0        1      4000
...
005 (043.019.000) 09/08 08:56:18 Job terminated.
	(1) Normal termination (return value 0)
		Usr 0 00:00:00, Sys 0 00:00:00  -  Run Remote Usage
		Usr 0 00:00:00, Sys 0 00:00:00  -  Run Local Usage
		Usr 0 00:00:00, Sys 0 00:00:00  -  Total Remote Usage
		Usr 0 00:00:00, Sys 0 00:00:00  -  Total Local Usage
	15  -  Run Bytes Sent By Job
	106  -  Run Bytes Received By Job
	15  -  Total Bytes Sent By Job
	106  -  Total Bytes Received By Job
	Partitionable Resources :    Usage  Request Allocated
	   Cpus                 :                 1         1
	   Disk (KB)            :        9        1   4947042
	   Memory (MB)          :        0        1      4000
...
000 (044.000.000) 09/15 11:56:08 Job submitted from host: <159.189.88.22:20245?addrs=159.189.88.22-20245>
...
000 (044.001.000) 09/15 11:56:08 Job submitted from host: <159.189.88.22:20245?addrs=159.189.88.22-20245>
...
000 (044.002.000) 09/15 11:56:08 Job submitted from host: <159.189.88.22:20245?addrs=159.189.88.22-20245>
...
000 (044.003.000) 09/15 11:56:08 Job submitted from host: <159.189.88.22:20245?addrs=159.189.88.22-20245>
...
000 (044.004.000) 09/15 11:56:08 Job submitted from host: <159.189.88.22:20245?addrs=159.189.88.22-20245>
...
000 (044.005.000) 09/15 11:56:08 Job submitted from host: <159.189.88.22:20245?addrs=159.189.88.22-20245>
...
000 (044.006.000) 09/15 11:56:08 Job submitted from host: <159.189.88.22:20245?addrs=159.189.88.22-20245>
...
000 (044.007.000) 09/15 11:56:08 Job submitted from host: <159.189.88.22:20245?addrs=159.189.88.22-20245>
...
000 (044.008.000) 09/15 11:56:08 Job submitted from host: <159.189.88.22:20245?addrs=159.189.88.22-20245>
...
000 (044.009.000) 09/15 11:56:08 Job submitted from host: <159.189.88.22:20245?addrs=159.189.88.22-20245>
...
000 (044.010.000) 09/15 11:56:08 Job submitted from host: <159.189.88.22:20245?addrs=159.189.88.22-20245>
...
000 (044.011.000) 09/15 11:56:08 Job submitted from host: <159.189.88.22:20245?addrs=159.189.88.22-20245>
...
000 (044.012.000) 09/15 11:56:08 Job submitted from host: <159.189.88.22:20245?addrs=159.189.88.22-20245>
...
000 (044.013.000) 09/15 11:56:08 Job submitted from host: <159.189.88.22:20245?addrs=159.189.88.22-20245>
...
000 (044.014.000) 09/15 11:56:08 Job submitted from host: <159.189.88.22:20245?addrs=159.189.88.22-20245>
...
000 (044.015.000) 09/15 11:56:08 Job submitted from host: <159.189.88.22:20245?addrs=159.189.88.22-20245>
...
000 (044.016.000) 09/15 11:56:08 Job submitted from host: <159.189.88.22:20245?addrs=159.189.88.22-20245>
...
000 (044.017.000) 09/15 11:56:08 Job submitted from host: <159.189.88.22:20245?addrs=159.189.88.22-20245>
...
000 (044.018.000) 09/15 11:56:08 Job submitted from host: <159.189.88.22:20245?addrs=159.189.88.22-20245>
...
000 (044.019.000) 09/15 11:56:08 Job submitted from host: <159.189.88.22:20245?addrs=159.189.88.22-20245>
...
001 (044.000.000) 09/15 11:56:09 Job executing on host: <159.189.88.22:59971?addrs=159.189.88.22-59971>
...
001 (044.001.000) 09/15 11:56:09 Job executing on host: <159.189.88.22:59971?addrs=159.189.88.22-59971>
...
001 (044.002.000) 09/15 11:56:09 Job executing on host: <159.189.88.22:59971?addrs=159.189.88.22-59971>
...
001 (044.003.000) 09/15 11:56:09 Job executing on host: <159.189.88.22:59971?addrs=159.189.88.22-59971>
...
001 (044.004.000) 09/15 11:56:09 Job executing on host: <159.189.88.22:59971?addrs=159.189.88.22-59971>
...
001 (044.005.000) 09/15 11:56:09 Job executing on host: <159.189.88.22:59971?addrs=159.189.88.22-59971>
...
001 (044.006.000) 09/15 11:56:09 Job executing on host: <159.189.88.22:59971?addrs=159.189.88.22-59971>
...
001 (044.007.000) 09/15 11:56:09 Job executing on host: <159.189.88.22:59971?addrs=159.189.88.22-59971>
...
006 (044.000.000) 09/15 11:56:15 Image size of job updated: 15948
	0  -  MemoryUsage of job (MB)
	0  -  ResidentSetSize of job (KB)
...
006 (044.001.000) 09/15 11:56:15 Image size of job updated: 15948
	0  -  MemoryUsage of job (MB)
	0  -  ResidentSetSize of job (KB)
...
006 (044.002.000) 09/15 11:56:15 Image size of job updated: 15948
	0  -  MemoryUsage of job (MB)
	0  -  ResidentSetSize of job (KB)
...
006 (044.003.000) 09/15 11:56:15 Image size of job updated: 15948
	0  -  MemoryUsage of job (MB)
	0  -  ResidentSetSize of job (KB)
...
006 (044.004.000) 09/15 11:56:15 Image size of job updated: 15948
	0  -  MemoryUsage of job (MB)
	0  -  ResidentSetSize of job (KB)
...
006 (044.005.000) 09/15 11:56:15 Image size of job updated: 15948
	0  -  MemoryUsage of job (MB)
	0  -  ResidentSetSize of job (KB)
...
006 (044.006.000) 09/15 11:56:15 Image size of job updated: 15948
	0  -  MemoryUsage of job (MB)
	0  -  ResidentSetSize of job (KB)
...
006 (044.007.000) 09/15 11:56:15 Image size of job updated: 15948
	0  -  MemoryUsage of job (MB)
	0  -  ResidentSetSize of job (KB)
...
005 (044.000.000) 09/15 11:56:16 Job terminated.
	(1) Normal termination (return value 0)
		Usr 0 00:00:00, Sys 0 00:00:00  -  Run Remote Usage
		Usr 0 00:00:00, Sys 0 00:00:00  -  Run Local Usage
		Usr 0 00:00:00, Sys 0 00:00:00  -  Total Remote Usage
		Usr 0 00:00:00, Sys 0 00:00:00  -  Total Local Usage
	15  -  Run Bytes Sent By Job
	106  -  Run Bytes Received By Job
	15  -  Total Bytes Sent By Job
	106  -  Total Bytes Received By Job
	Partitionable Resources :    Usage  Request Allocated
	   Cpus                 :                 1         1
	   Disk (KB)            :        9        1   4942057
	   Memory (MB)          :        0        1      4000
...
005 (044.001.000) 09/15 11:56:16 Job terminated.
	(1) Normal termination (return value 0)
		Usr 0 00:00:00, Sys 0 00:00:00  -  Run Remote Usage
		Usr 0 00:00:00, Sys 0 00:00:00  -  Run Local Usage
		Usr 0 00:00:00, Sys 0 00:00:00  -  Total Remote Usage
		Usr 0 00:00:00, Sys 0 00:00:00  -  Total Local Usage
	15  -  Run Bytes Sent By Job
	106  -  Run Bytes Received By Job
	15  -  Total Bytes Sent By Job
	106  -  Total Bytes Received By Job
	Partitionable Resources :    Usage  Request Allocated
	   Cpus                 :                 1         1
	   Disk (KB)            :        9        1   4942057
	   Memory (MB)          :        0        1      4000
...
005 (044.002.000) 09/15 11:56:16 Job terminated.
	(1) Normal termination (return value 0)
		Usr 0 00:00:00, Sys 0 00:00:00  -  Run Remote Usage
		Usr 0 00:00:00, Sys 0 00:00:00  -  Run Local Usage
		Usr 0 00:00:00, Sys 0 00:00:00  -  Total Remote Usage
		Usr 0 00:00:00, Sys 0 00:00:00  -  Total Local Usage
	15  -  Run Bytes Sent By Job
	106  -  Run Bytes Received By Job
	15  -  Total Bytes Sent By Job
	106  -  Total Bytes Received By Job
	Partitionable Resources :    Usage  Request Allocated
	   Cpus                 :                 1         1
	   Disk (KB)            :        9        1   4942057
	   Memory (MB)          :        0        1      4000
...
005 (044.003.000) 09/15 11:56:16 Job terminated.
	(1) Normal termination (return value 0)
		Usr 0 00:00:00, Sys 0 00:00:00  -  Run Remote Usage
		Usr 0 00:00:00, Sys 0 00:00:00  -  Run Local Usage
		Usr 0 00:00:00, Sys 0 00:00:00  -  Total Remote Usage
		Usr 0 00:00:00, Sys 0 00:00:00  -  Total Local Usage
	15  -  Run Bytes Sent By Job
	106  -  Run Bytes Received By Job
	15  -  Total Bytes Sent By Job
	106  -  Total Bytes Received By Job
	Partitionable Resources :    Usage  Request Allocated
	   Cpus                 :                 1         1
	   Disk (KB)            :        9        1   4942057
	   Memory (MB)          :        0        1      4000
...
005 (044.004.000) 09/15 11:56:16 Job terminated.
	(1) Normal termination (return value 0)
		Usr 0 00:00:00, Sys 0 00:00:00  -  Run Remote Usage
		Usr 0 00:00:00, Sys 0 00:00:00  -  Run Local Usage
		Usr 0 00:00:00, Sys 0 00:00:00  -  Total Remote Usage
		Usr 0 00:00:00, Sys 0 00:00:00  -  Total Local Usage
	15  -  Run Bytes Sent By Job
	106  -  Run Bytes Received By Job
	15  -  Total Bytes Sent By Job
	106  -  Total Bytes Received By Job
	Partitionable Resources :    Usage  Request Allocated
	   Cpus                 :                 1         1
	   Disk (KB)            :        9        1   4942057
	   Memory (MB)          :        0        1      4000
...
005 (044.005.000) 09/15 11:56:16 Job terminated.
	(1) Normal termination (return value 0)
		Usr 0 00:00:00, Sys 0 00:00:00  -  Run Remote Usage
		Usr 0 00:00:00, Sys 0 00:00:00  -  Run Local Usage
		Usr 0 00:00:00, Sys 0 00:00:00  -  Total Remote Usage
		Usr 0 00:00:00, Sys 0 00:00:00  -  Total Local Usage
	15  -  Run Bytes Sent By Job
	106  -  Run Bytes Received By Job
	15  -  Total Bytes Sent By Job
	106  -  Total Bytes Received By Job
	Partitionable Resources :    Usage  Request Allocated
	   Cpus                 :                 1         1
	   Disk (KB)            :        9        1   4942057
	   Memory (MB)          :        0        1      4000
...
005 (044.006.000) 09/15 11:56:16 Job terminated.
	(1) Normal termination (return value 0)
		Usr 0 00:00:00, Sys 0 00:00:00  -  Run Remote Usage
		Usr 0 00:00:00, Sys 0 00:00:00  -  Run Local Usage
		Usr 0 00:00:00, Sys 0 00:00:00  -  Total Remote Usage
		Usr 0 00:00:00, Sys 0 00:00:00  -  Total Local Usage
	15  -  Run Bytes Sent By Job
	106  -  Run Bytes Received By Job
	15  -  Total Bytes Sent By Job
	106  -  Total Bytes Received By Job
	Partitionable Resources :    Usage  Request Allocated
	   Cpus                 :                 1         1
	   Disk (KB)            :        9        1   4942057
	   Memory (MB)          :        0        1      4000
...
005 (044.007.000) 09/15 11:56:16 Job terminated.
	(1) Normal termination (return value 0)
		Usr 0 00:00:00, Sys 0 00:00:00  -  Run Remote Usage
		Usr 0 00:00:00, Sys 0 00:00:00  -  Run Local Usage
		Usr 0 00:00:00, Sys 0 00:00:00  -  Total Remote Usage
		Usr 0 00:00:00, Sys 0 00:00:00  -  Total Local Usage
	15  -  Run Bytes Sent By Job
	106  -  Run Bytes Received By Job
	15  -  Total Bytes Sent By Job
	106  -  Total Bytes Received By Job
	Partitionable Resources :    Usage  Request Allocated
	   Cpus                 :                 1         1
	   Disk (KB)            :        9        1   4942057
	   Memory (MB)          :        0        1      4000
...
001 (044.008.000) 09/15 11:56:17 Job executing on host: <159.189.88.22:59971?addrs=159.189.88.22-59971>
...
001 (044.009.000) 09/15 11:56:17 Job executing on host: <159.189.88.22:59971?addrs=159.189.88.22-59971>
...
001 (044.011.000) 09/15 11:56:17 Job executing on host: <159.189.88.22:59971?addrs=159.189.88.22-59971>
...
001 (044.012.000) 09/15 11:56:17 Job executing on host: <159.189.88.22:59971?addrs=159.189.88.22-59971>
...
001 (044.013.000) 09/15 11:56:17 Job executing on host: <159.189.88.22:59971?addrs=159.189.88.22-59971>
...
001 (044.015.000) 09/15 11:56:17 Job executing on host: <159.189.88.22:59971?addrs=159.189.88.22-59971>
...
001 (044.010.000) 09/15 11:56:18 Job executing on host: <159.189.88.22:59971?addrs=159.189.88.22-59971>
...
001 (044.014.000) 09/15 11:56:18 Job executing on host: <159.189.88.22:59971?addrs=159.189.88.22-59971>
...
006 (044.008.000) 09/15 11:56:23 Image size of job updated: 15948
	0  -  MemoryUsage of job (MB)
	0  -  ResidentSetSize of job (KB)
...
006 (044.009.000) 09/15 11:56:23 Image size of job updated: 15948
	0  -  MemoryUsage of job (MB)
	0  -  ResidentSetSize of job (KB)
...
006 (044.011.000) 09/15 11:56:23 Image size of job updated: 15948
	0  -  MemoryUsage of job (MB)
	0  -  ResidentSetSize of job (KB)
...
006 (044.012.000) 09/15 11:56:23 Image size of job updated: 15948
	0  -  MemoryUsage of job (MB)
	0  -  ResidentSetSize of job (KB)
...
006 (044.013.000) 09/15 11:56:23 Image size of job updated: 15948
	0  -  MemoryUsage of job (MB)
	0  -  ResidentSetSize of job (KB)
...
006 (044.015.000) 09/15 11:56:23 Image size of job updated: 15948
	0  -  MemoryUsage of job (MB)
	0  -  ResidentSetSize of job (KB)
...
005 (044.008.000) 09/15 11:56:24 Job terminated.
	(1) Normal termination (return value 0)
		Usr 0 00:00:00, Sys 0 00:00:00  -  Run Remote Usage
		Usr 0 00:00:00, Sys 0 00:00:00  -  Run Local Usage
		Usr 0 00:00:00, Sys 0 00:00:00  -  Total Remote Usage
		Usr 0 00:00:00, Sys 0 00:00:00  -  Total Local Usage
	15  -  Run Bytes Sent By Job
	106  -  Run Bytes Received By Job
	15  -  Total Bytes Sent By Job
	106  -  Total Bytes Received By Job
	Partitionable Resources :    Usage  Request Allocated
	   Cpus                 :                 1         1
	   Disk (KB)            :        9        1   4942057
	   Memory (MB)          :        0        1      4000
...
005 (044.009.000) 09/15 11:56:24 Job terminated.
	(1) Normal termination (return value 0)
		Usr 0 00:00:00, Sys 0 00:00:00  -  Run Remote Usage
		Usr 0 00:00:00, Sys 0 00:00:00  -  Run Local Usage
		Usr 0 00:00:00, Sys 0 00:00:00  -  Total Remote Usage
		Usr 0 00:00:00, Sys 0 00:00:00  -  Total Local Usage
	15  -  Run Bytes Sent By Job
	106  -  Run Bytes Received By Job
	15  -  Total Bytes Sent By Job
	106  -  Total Bytes Received By Job
	Partitionable Resources :    Usage  Request Allocated
	   Cpus                 :                 1         1
	   Disk (KB)            :        9        1   4942057
	   Memory (MB)          :        0        1      4000
...
006 (044.010.000) 09/15 11:56:24 Image size of job updated: 15948
	0  -  MemoryUsage of job (MB)
	0  -  ResidentSetSize of job (KB)
...
005 (044.011.000) 09/15 11:56:24 Job terminated.
	(1) Normal termination (return value 0)
		Usr 0 00:00:00, Sys 0 00:00:00  -  Run Remote Usage
		Usr 0 00:00:00, Sys 0 00:00:00  -  Run Local Usage
		Usr 0 00:00:00, Sys 0 00:00:00  -  Total Remote Usage
		Usr 0 00:00:00, Sys 0 00:00:00  -  Total Local Usage
	15  -  Run Bytes Sent By Job
	106  -  Run Bytes Received By Job
	15  -  Total Bytes Sent By Job
	106  -  Total Bytes Received By Job
	Partitionable Resources :    Usage  Request Allocated
	   Cpus                 :                 1         1
	   Disk (KB)            :        9        1   4942057
	   Memory (MB)          :        0        1      4000
...
005 (044.012.000) 09/15 11:56:24 Job terminated.
	(1) Normal termination (return value 0)
		Usr 0 00:00:00, Sys 0 00:00:00  -  Run Remote Usage
		Usr 0 00:00:00, Sys 0 00:00:00  -  Run Local Usage
		Usr 0 00:00:00, Sys 0 00:00:00  -  Total Remote Usage
		Usr 0 00:00:00, Sys 0 00:00:00  -  Total Local Usage
	15  -  Run Bytes Sent By Job
	106  -  Run Bytes Received By Job
	15  -  Total Bytes Sent By Job
	106  -  Total Bytes Received By Job
	Partitionable Resources :    Usage  Request Allocated
	   Cpus                 :                 1         1
	   Disk (KB)            :        9        1   4942057
	   Memory (MB)          :        0        1      4000
...
006 (044.014.000) 09/15 11:56:24 Image size of job updated: 15948
	0  -  MemoryUsage of job (MB)
	0  -  ResidentSetSize of job (KB)
...
005 (044.013.000) 09/15 11:56:24 Job terminated.
	(1) Normal termination (return value 0)
		Usr 0 00:00:00, Sys 0 00:00:00  -  Run Remote Usage
		Usr 0 00:00:00, Sys 0 00:00:00  -  Run Local Usage
		Usr 0 00:00:00, Sys 0 00:00:00  -  Total Remote Usage
		Usr 0 00:00:00, Sys 0 00:00:00  -  Total Local Usage
	15  -  Run Bytes Sent By Job
	106  -  Run Bytes Received By Job
	15  -  Total Bytes Sent By Job
	106  -  Total Bytes Received By Job
	Partitionable Resources :    Usage  Request Allocated
	   Cpus                 :                 1         1
	   Disk (KB)            :        9        1   4942057
	   Memory (MB)          :        0        1      4000
...
005 (044.015.000) 09/15 11:56:24 Job terminated.
	(1) Normal termination (return value 0)
		Usr 0 00:00:00, Sys 0 00:00:00  -  Run Remote Usage
		Usr 0 00:00:00, Sys 0 00:00:00  -  Run Local Usage
		Usr 0 00:00:00, Sys 0 00:00:00  -  Total Remote Usage
		Usr 0 00:00:00, Sys 0 00:00:00  -  Total Local Usage
	15  -  Run Bytes Sent By Job
	106  -  Run Bytes Received By Job
	15  -  Total Bytes Sent By Job
	106  -  Total Bytes Received By Job
	Partitionable Resources :    Usage  Request Allocated
	   Cpus                 :                 1         1
	   Disk (KB)            :        9        1   4942057
	   Memory (MB)          :        0        1      4000
...
005 (044.010.000) 09/15 11:56:25 Job terminated.
	(1) Normal termination (return value 0)
		Usr 0 00:00:00, Sys 0 00:00:00  -  Run Remote Usage
		Usr 0 00:00:00, Sys 0 00:00:00  -  Run Local Usage
		Usr 0 00:00:00, Sys 0 00:00:00  -  Total Remote Usage
		Usr 0 00:00:00, Sys 0 00:00:00  -  Total Local Usage
	15  -  Run Bytes Sent By Job
	106  -  Run Bytes Received By Job
	15  -  Total Bytes Sent By Job
	106  -  Total Bytes Received By Job
	Partitionable Resources :    Usage  Request Allocated
	   Cpus                 :                 1         1
	   Disk (KB)            :        9        1   4942057
	   Memory (MB)          :        0        1      4000
...
001 (044.016.000) 09/15 11:56:25 Job executing on host: <159.189.88.22:59971?addrs=159.189.88.22-59971>
...
001 (044.017.000) 09/15 11:56:25 Job executing on host: <159.189.88.22:59971?addrs=159.189.88.22-59971>
...
001 (044.018.000) 09/15 11:56:25 Job executing on host: <159.189.88.22:59971?addrs=159.189.88.22-59971>
...
005 (044.014.000) 09/15 11:56:25 Job terminated.
	(1) Normal termination (return value 0)
		Usr 0 00:00:00, Sys 0 00:00:00  -  Run Remote Usage
		Usr 0 00:00:00, Sys 0 00:00:00  -  Run Local Usage
		Usr 0 00:00:00, Sys 0 00:00:00  -  Total Remote Usage
		Usr 0 00:00:00, Sys 0 00:00:00  -  Total Local Usage
	15  -  Run Bytes Sent By Job
	106  -  Run Bytes Received By Job
	15  -  Total Bytes Sent By Job
	106  -  Total Bytes Received By Job
	Partitionable Resources :    Usage  Request Allocated
	   Cpus                 :                 1         1
	   Disk (KB)            :        9        1   4942057
	   Memory (MB)          :        0        1      4000
...
001 (044.019.000) 09/15 11:56:25 Job executing on host: <159.189.88.22:59971?addrs=159.189.88.22-59971>
...
006 (044.016.000) 09/15 11:56:31 Image size of job updated: 15948
	0  -  MemoryUsage of job (MB)
	0  -  ResidentSetSize of job (KB)
...
006 (044.017.000) 09/15 11:56:31 Image size of job updated: 15948
	0  -  MemoryUsage of job (MB)
	0  -  ResidentSetSize of job (KB)
...
006 (044.018.000) 09/15 11:56:31 Image size of job updated: 15948
	0  -  MemoryUsage of job (MB)
	0  -  ResidentSetSize of job (KB)
...
006 (044.019.000) 09/15 11:56:31 Image size of job updated: 15948
	0  -  MemoryUsage of job (MB)
	0  -  ResidentSetSize of job (KB)
...
005 (044.016.000) 09/15 11:56:32 Job terminated.
	(1) Normal termination (return value 0)
		Usr 0 00:00:00, Sys 0 00:00:00  -  Run Remote Usage
		Usr 0 00:00:00, Sys 0 00:00:00  -  Run Local Usage
		Usr 0 00:00:00, Sys 0 00:00:00  -  Total Remote Usage
		Usr 0 00:00:00, Sys 0 00:00:00  -  Total Local Usage
	15  -  Run Bytes Sent By Job
	106  -  Run Bytes Received By Job
	15  -  Total Bytes Sent By Job
	106  -  Total Bytes Received By Job
	Partitionable Resources :    Usage  Request Allocated
	   Cpus                 :                 1         1
	   Disk (KB)            :        9        1   4942057
	   Memory (MB)          :        0        1      4000
...
005 (044.017.000) 09/15 11:56:32 Job terminated.
	(1) Normal termination (return value 0)
		Usr 0 00:00:00, Sys 0 00:00:00  -  Run Remote Usage
		Usr 0 00:00:00, Sys 0 00:00:00  -  Run Local Usage
		Usr 0 00:00:00, Sys 0 00:00:00  -  Total Remote Usage
		Usr 0 00:00:00, Sys 0 00:00:00  -  Total Local Usage
	15  -  Run Bytes Sent By Job
	106  -  Run Bytes Received By Job
	15  -  Total Bytes Sent By Job
	106  -  Total Bytes Received By Job
	Partitionable Resources :    Usage  Request Allocated
	   Cpus                 :                 1         1
	   Disk (KB)            :        9        1   4942057
	   Memory (MB)          :        0        1      4000
...
005 (044.018.000) 09/15 11:56:32 Job terminated.
	(1) Normal termination (return value 0)
		Usr 0 00:00:00, Sys 0 00:00:00  -  Run Remote Usage
		Usr 0 00:00:00, Sys 0 00:00:00  -  Run Local Usage
		Usr 0 00:00:00, Sys 0 00:00:00  -  Total Remote Usage
		Usr 0 00:00:00, Sys 0 00:00:00  -  Total Local Usage
	15  -  Run Bytes Sent By Job
	106  -  Run Bytes Received By Job
	15  -  Total Bytes Sent By Job
	106  -  Total Bytes Received By Job
	Partitionable Resources :    Usage  Request Allocated
	   Cpus                 :                 1         1
	   Disk (KB)            :        9        1   4942057
	   Memory (MB)          :        0        1      4000
...
005 (044.019.000) 09/15 11:56:32 Job terminated.
	(1) Normal termination (return value 0)
		Usr 0 00:00:00, Sys 0 00:00:00  -  Run Remote Usage
		Usr 0 00:00:00, Sys 0 00:00:00  -  Run Local Usage
		Usr 0 00:00:00, Sys 0 00:00:00  -  Total Remote Usage
		Usr 0 00:00:00, Sys 0 00:00:00  -  Total Local Usage
	15  -  Run Bytes Sent By Job
	106  -  Run Bytes Received By Job
	15  -  Total Bytes Sent By Job
	106  -  Total Bytes Received By Job
	Partitionable Resources :    Usage  Request Allocated
	   Cpus                 :                 1         1
	   Disk (KB)            :        9        1   4942057
	   Memory (MB)          :        0        1      4000
...
